#
# A fatal error has been detected by the Java Runtime Environment:
#
#  SIGSEGV (0xb) at pc=0x00007fff7ecb9fe2, pid=14169, tid=0x000000000002f383
#
# JRE version: OpenJDK Runtime Environment (8.0_152-b01) (build 1.8.0_152-release-1024-b01)
# Java VM: OpenJDK 64-Bit Server VM (25.152-b01 mixed mode bsd-amd64 compressed oops)
# Problematic frame:
# C  [libsystem_platform.dylib+0x4fe2]  _platform_memmove$VARIANT$Haswell+0xc2
#
# Failed to write core dump. Core dumps have been disabled. To enable core dumping, try "ulimit -c unlimited" before starting Java again
#
# If you would like to submit a bug report, please visit:
#   http://bugreport.java.com/bugreport/crash.jsp
# The crash happened outside the Java Virtual Machine in native code.
# See problematic frame for where to report the bug.
#
Ssdsfsdfds
---------------  T H R E A D  ---------------

Current thread (0x00007feb4d27c800):  JavaThread "ApplicationImpl pooled thread 3688" daemon [_thread_in_native, id=193411, stack(0x0000700017524000,0x0000700017624000)]

siginfo: si_signo: 11 (SIGSEGV), si_code: 1 (SEGV_MAPERR), si_addr: 0x0000000000000000

Registers:
RAX=0x0000700017622336, RBX=0x0000600001c83c50, RCX=0x000000000000000c, RDX=0x0000000000000002
RSP=0x00007000176222e0, RBP=0x00007000176222e0, RSI=0x0000000000000000, RDI=0x0000700017622336
R8 =0x0000000000000000, R9 =0x0000000000000000, R10=0x000000010b7dc0e0, R11=0x0000700017622336
R12=0x00007feb4d27c9e0, R13=0x0000000000000002, R14=0x000000000002d3c4, R15=0x0000700017622336
RIP=0x00007fff7ecb9fe2, EFLAGS=0x0000000000010246, ERR=0x0000000000000004
  TRAPNO=0x000000000000000e

Top of Stack: (sp=0x00007000176222e0)
0x00007000176222e0:   0000700017622320 0000000123e091b8
0x00007000176222f0:   0000000123e09075 0000600001c84290
0x0000700017622300:   00007000176223b2 000000000002ecee
0x0000700017622310:   0000700017622336 0000700017622374
0x0000700017622320:   0000700017622350 0000000123ef60bf
0x0000700017622330:   0000000000000000 0000600001c84290
0x0000700017622340:   00007000176223b0 000000000000064a
0x0000700017622350:   00007000176223a0 0000000123f39729
0x0000700017622360:   00007000176223d0 000000010b36354d
0x0000700017622370:   000000004d27c800 00007feb496bf800
0x0000700017622380:   00007000176225a0 0000000000000003
0x0000700017622390:   0000600001c84290 000000000000bc14
0x00007000176223a0:   00007000176223e0 0000000123f0bcfd
0x00007000176223b0:   0000000000000000 00007feb496bf800
0x00007000176223c0:   00007000176225d8 00007000176225a0
0x00007000176223d0:   0000000000000000 0000000000000003
0x00007000176223e0:   0000700017622580 0000000123f0a387
0x00007000176223f0:   0000700017622550 0000000123f05099
0x0000700017622400:   00007feb4d27c800 00007feb4d27c800
0x0000700017622410:   00007000176226b0 000000010b3658f3
0x0000700017622420:   00007feb4d27c800 0000000000000000
0x0000700017622430:   00007feb4d27c800 00000007c2171de0
0x0000700017622440:   0000000110a1c790 00007feb492b6658
0x0000700017622450:   00007feb492b6668 00007feb4d27c800
0x0000700017622460:   00006040007d6598 00007000176228e0
0x0000700017622470:   000000011020f778 00007feb4d27c800
0x0000700017622480:   0000000100000000 0000000000000000
0x0000700017622490:   0000000000000e80 00007feb492b6748
0x00007000176224a0:   00007feb492b6708 0000000000000000
0x00007000176224b0:   00000001b168b990 00007feb492b66c8
0x00007000176224c0:   00006040007d6598 0000000000000000
0x00007000176224d0:   000000000000c49c 00007feb00000000 

Instructions: (pc=0x00007fff7ecb9fe2)
0x00007fff7ecb9fc2:   c3 48 83 ea 08 72 10 48 8b 0e 4c 8b 04 16 48 89
0x00007fff7ecb9fd2:   0f 4c 89 04 17 5d c3 48 83 c2 08 74 25 4d 31 c0
0x00007fff7ecb9fe2:   42 8a 0c 06 42 88 0c 07 48 83 ea 01 74 14 42 8a
0x00007fff7ecb9ff2:   4c 06 01 42 88 4c 07 01 49 83 c0 02 48 83 ea 01 

Register to memory mapping:

RAX=0x0000700017622336 is pointing into the stack for thread: 0x00007feb4d27c800
RBX=0x0000600001c83c50 is an unknown value
RCX=0x000000000000000c is an unknown value
RDX=0x0000000000000002 is an unknown value
RSP=0x00007000176222e0 is pointing into the stack for thread: 0x00007feb4d27c800
RBP=0x00007000176222e0 is pointing into the stack for thread: 0x00007feb4d27c800
RSI=0x0000000000000000 is an unknown value
RDI=0x0000700017622336 is pointing into the stack for thread: 0x00007feb4d27c800
R8 =0x0000000000000000 is an unknown value
R9 =0x0000000000000000 is an unknown value
R10=0x000000010b7dc0e0: _ZN19TemplateInterpreter13_active_tableE+0x2000 in /Applications/Android Studio.app/Contents/jre/jdk/Contents/Home/jre//lib/server/libjvm.dylib at 0x000000010afe1000
R11=0x0000700017622336 is pointing into the stack for thread: 0x00007feb4d27c800
R12=0x00007feb4d27c9e0 is an unknown value
R13=0x0000000000000002 is an unknown value
R14=0x000000000002d3c4 is an unknown value
R15=0x0000700017622336 is pointing into the stack for thread: 0x00007feb4d27c800


Stack: [0x0000700017524000,0x0000700017624000],  sp=0x00007000176222e0,  free space=1016k
Native frames: (J=compiled Java code, j=interpreted, Vv=VM code, C=native code)
C  [libsystem_platform.dylib+0x4fe2]  _platform_memmove$VARIANT$Haswell+0xc2
C  [libfontmanager.dylib+0x231b8]  ReadTTFontFileFunc+0x143
C  [libfreetype.dylib.6+0xa0bf]  FT_Stream_ReadUShort+0x3f
C  [libfreetype.dylib.6+0x4d729]  tt_face_get_metrics+0xa9
C  [libfreetype.dylib.6+0x1fcfd]  tt_get_metrics+0x5d
C  [libfreetype.dylib.6+0x1e387]  load_truetype_glyph+0x4c7
C  [libfreetype.dylib.6+0x168e5]  tt_glyph_load+0xa05
C  [libfreetype.dylib.6+0x129d]  FT_Load_Glyph+0x35d
C  [libfontmanager.dylib+0x23944]  Java_sun_font_FreetypeFontScaler_getGlyphImageNative+0x17f
j  sun.font.FreetypeFontScaler.getGlyphImageNative(Lsun/font/Font2D;JJI)J+0
j  sun.font.FreetypeFontScaler.getGlyphImage(JI)J+26
j  sun.font.FileFont.getGlyphImage(JI)J+6
j  sun.font.FileFontStrike.getGlyphImagePtr(I)J+115
j  sun.font.FileFontStrike.getGlyphMetrics(IZ)Ljava/awt/geom/Point2D$Float;+29
j  sun.font.FileFontStrike.getGlyphMetrics(I)Ljava/awt/geom/Point2D$Float;+3
j  sun.font.StandardGlyphVector$GlyphStrike.addDefaultGlyphAdvance(ILjava/awt/geom/Point2D$Float;)V+5
j  sun.font.StandardGlyphVector.initPositions()V+162
J 113306 C2 java.awt.Font.getStringBounds([CIILjava/awt/font/FontRenderContext;)Ljava/awt/geom/Rectangle2D; (259 bytes) @ 0x0000000119237970 [0x0000000119237740+0x230]
j  com.intellij.util.ui.FontInfo.getCharWidth(Ljava/awt/Font;C)I+21
j  com.intellij.util.ui.FontInfo.getFontWidth(Ljava/awt/Font;I)I+18
j  com.intellij.util.ui.FontInfo.create(Ljava/lang/String;Ljava/awt/Font;)Lcom/intellij/util/ui/FontInfo;+95
j  com.intellij.util.ui.FontInfo.byName(Ljava/lang/String;)Lcom/intellij/util/ui/FontInfo;+13
j  com.intellij.util.ui.FontInfo.byName()Ljava/util/List;+42
j  com.intellij.util.ui.FontInfo.access$300()Ljava/util/List;+0
j  com.intellij.util.ui.FontInfo$LazyListByName.<clinit>()V+0
v  ~StubRoutines::call_stub
V  [libjvm.dylib+0x2c062b]  JavaCalls::call_helper(JavaValue*, methodHandle*, JavaCallArguments*, Thread*)+0x597
V  [libjvm.dylib+0x2903fb]  InstanceKlass::call_class_initializer_impl(instanceKlassHandle, Thread*)+0xe5
V  [libjvm.dylib+0x28f265]  InstanceKlass::initialize_impl(instanceKlassHandle, Thread*)+0x4d1
V  [libjvm.dylib+0x28ed80]  InstanceKlass::initialize(Thread*)+0x3a
V  [libjvm.dylib+0x383d7b]  LinkResolver::resolve_static_call(CallInfo&, KlassHandle&, Symbol*, Symbol*, KlassHandle, bool, bool, Thread*)+0x9d
V  [libjvm.dylib+0x386a41]  LinkResolver::resolve_invokestatic(CallInfo&, constantPoolHandle, int, Thread*)+0x111
V  [libjvm.dylib+0x386711]  LinkResolver::resolve_invoke(CallInfo&, Handle, constantPoolHandle, int, Bytecodes::Code, Thread*)+0x249
V  [libjvm.dylib+0x2ba28c]  InterpreterRuntime::resolve_invoke(JavaThread*, Bytecodes::Code)+0x2fe
j  com.intellij.util.ui.FontInfo.getAll(Z)Ljava/util/List;+22
j  com.intellij.ui.FontComboBox$Model.lambda$new$1(ZLcom/intellij/openapi/application/Application;Z)V+1
j  com.intellij.ui.FontComboBox$Model$$Lambda$6114.run()V+16
J 97716 C2 com.intellij.openapi.application.impl.ApplicationImpl$1.run()V (137 bytes) @ 0x00000001130d89c8 [0x00000001130d88c0+0x108]
J 41157 C2 java.util.concurrent.Executors$RunnableAdapter.call()Ljava/lang/Object; (14 bytes) @ 0x000000011826d92c [0x000000011826d8e0+0x4c]
J 87989 C2 java.util.concurrent.FutureTask.run()V (126 bytes) @ 0x0000000117e89d14 [0x0000000117e89c60+0xb4]
J 112897 C2 java.util.concurrent.ThreadPoolExecutor.runWorker(Ljava/util/concurrent/ThreadPoolExecutor$Worker;)V (225 bytes) @ 0x000000011927c5f4 [0x000000011927bf00+0x6f4]
j  java.util.concurrent.ThreadPoolExecutor$Worker.run()V+5
j  java.lang.Thread.run()V+11
v  ~StubRoutines::call_stub
V  [libjvm.dylib+0x2c062b]  JavaCalls::call_helper(JavaValue*, methodHandle*, JavaCallArguments*, Thread*)+0x597
V  [libjvm.dylib+0x2bf754]  JavaCalls::call_virtual(JavaValue*, KlassHandle, Symbol*, Symbol*, JavaCallArguments*, Thread*)+0x13e
V  [libjvm.dylib+0x2bf893]  JavaCalls::call_virtual(JavaValue*, Handle, KlassHandle, Symbol*, Symbol*, Thread*)+0x57
V  [libjvm.dylib+0x30410a]  thread_entry(JavaThread*, Thread*)+0x78
V  [libjvm.dylib+0x505e88]  JavaThread::thread_main_inner()+0x82
V  [libjvm.dylib+0x505d4d]  JavaThread::run()+0x199
V  [libjvm.dylib+0x435709]  java_start(Thread*)+0xfa
C  [libsystem_pthread.dylib+0x3661]  _pthread_body+0x154
C  [libsystem_pthread.dylib+0x350d]  _pthread_body+0x0
C  [libsystem_pthread.dylib+0x2bf9]  thread_start+0xd
C  0x0000000000000000

Java frames: (J=compiled Java code, j=interpreted, Vv=VM code)
j  sun.font.FreetypeFontScaler.getGlyphImageNative(Lsun/font/Font2D;JJI)J+0
j  sun.font.FreetypeFontScaler.getGlyphImage(JI)J+26
j  sun.font.FileFont.getGlyphImage(JI)J+6
j  sun.font.FileFontStrike.getGlyphImagePtr(I)J+115
j  sun.font.FileFontStrike.getGlyphMetrics(IZ)Ljava/awt/geom/Point2D$Float;+29
j  sun.font.FileFontStrike.getGlyphMetrics(I)Ljava/awt/geom/Point2D$Float;+3
j  sun.font.StandardGlyphVector$GlyphStrike.addDefaultGlyphAdvance(ILjava/awt/geom/Point2D$Float;)V+5
j  sun.font.StandardGlyphVector.initPositions()V+162
J 113306 C2 java.awt.Font.getStringBounds([CIILjava/awt/font/FontRenderContext;)Ljava/awt/geom/Rectangle2D; (259 bytes) @ 0x0000000119237970 [0x0000000119237740+0x230]
j  com.intellij.util.ui.FontInfo.getCharWidth(Ljava/awt/Font;C)I+21
j  com.intellij.util.ui.FontInfo.getFontWidth(Ljava/awt/Font;I)I+18
j  com.intellij.util.ui.FontInfo.create(Ljava/lang/String;Ljava/awt/Font;)Lcom/intellij/util/ui/FontInfo;+95
j  com.intellij.util.ui.FontInfo.byName(Ljava/lang/String;)Lcom/intellij/util/ui/FontInfo;+13
j  com.intellij.util.ui.FontInfo.byName()Ljava/util/List;+42
j  com.intellij.util.ui.FontInfo.access$300()Ljava/util/List;+0
j  com.intellij.util.ui.FontInfo$LazyListByName.<clinit>()V+0
v  ~StubRoutines::call_stub
j  com.intellij.util.ui.FontInfo.getAll(Z)Ljava/util/List;+22
j  com.intellij.ui.FontComboBox$Model.lambda$new$1(ZLcom/intellij/openapi/application/Application;Z)V+1
j  com.intellij.ui.FontComboBox$Model$$Lambda$6114.run()V+16
J 97716 C2 com.intellij.openapi.application.impl.ApplicationImpl$1.run()V (137 bytes) @ 0x00000001130d89c8 [0x00000001130d88c0+0x108]
J 41157 C2 java.util.concurrent.Executors$RunnableAdapter.call()Ljava/lang/Object; (14 bytes) @ 0x000000011826d92c [0x000000011826d8e0+0x4c]
J 87989 C2 java.util.concurrent.FutureTask.run()V (126 bytes) @ 0x0000000117e89d14 [0x0000000117e89c60+0xb4]
J 112897 C2 java.util.concurrent.ThreadPoolExecutor.runWorker(Ljava/util/concurrent/ThreadPoolExecutor$Worker;)V (225 bytes) @ 0x000000011927c5f4 [0x000000011927bf00+0x6f4]
j  java.util.concurrent.ThreadPoolExecutor$Worker.run()V+5
j  java.lang.Thread.run()V+11
v  ~StubRoutines::call_stub

---------------  P R O C E S S  ---------------

Java Threads: ( => current thread )
  0x00007feb62e2d000 JavaThread "Keep-Alive-Timer" daemon [_thread_blocked, id=189295, stack(0x0000700016f12000,0x0000700017012000)]
  0x00007feb5c957000 JavaThread "JobScheduler FJ pool 6/7" daemon [_thread_blocked, id=149067, stack(0x0000700016e0f000,0x0000700016f0f000)]
  0x00007feb5d1d0800 JavaThread "JobScheduler FJ pool 5/7" daemon [_thread_blocked, id=297135, stack(0x0000700016a83000,0x0000700016b83000)]
  0x00007feb5d1b3800 JavaThread "JobScheduler FJ pool 4/7" daemon [_thread_blocked, id=252767, stack(0x000070001687d000,0x000070001697d000)]
  0x00007feb4d2fe000 JavaThread "JobScheduler FJ pool 3/7" daemon [_thread_blocked, id=250967, stack(0x000070001677a000,0x000070001687a000)]
  0x00007feb65ea7000 JavaThread "JobScheduler FJ pool 2/7" daemon [_thread_blocked, id=106535, stack(0x0000700016471000,0x0000700016571000)]
  0x00007feb59670800 JavaThread "JobScheduler FJ pool 1/7" daemon [_thread_blocked, id=251963, stack(0x000070001616b000,0x000070001626b000)]
  0x00007feb4d73b000 JavaThread "JobScheduler FJ pool 0/7" daemon [_thread_blocked, id=274199, stack(0x0000700016068000,0x0000700016168000)]
  0x00007feb5a694000 JavaThread "ApplicationImpl pooled thread 3692" daemon [_thread_blocked, id=207911, stack(0x0000700012bc6000,0x0000700012cc6000)]
  0x00007feb67a71000 JavaThread "ApplicationImpl pooled thread 3691" daemon [_thread_blocked, id=295187, stack(0x0000700017118000,0x0000700017218000)]
=>0x00007feb4d27c800 JavaThread "ApplicationImpl pooled thread 3688" daemon [_thread_in_native, id=193411, stack(0x0000700017524000,0x0000700017624000)]
  0x00007feb65c23000 JavaThread "ApplicationImpl pooled thread 3685" daemon [_thread_blocked, id=236943, stack(0x0000700016980000,0x0000700016a80000)]
  0x00007feb4a586800 JavaThread "ApplicationImpl pooled thread 3680" daemon [_thread_blocked, id=206263, stack(0x00007000116ab000,0x00007000117ab000)]
  0x00007feb4f8f7000 JavaThread "grpc-default-executor-90" daemon [_thread_blocked, id=246027, stack(0x0000700015e5f000,0x0000700015f5f000)]
  0x00007feb6189a800 JavaThread "grpc-default-executor-89" daemon [_thread_blocked, id=239663, stack(0x0000700015d5c000,0x0000700015e5c000)]
  0x00007feb6116b800 JavaThread "Perfd Thread: bae7fbe1" [_thread_blocked, id=193135, stack(0x0000700015138000,0x0000700015238000)]
  0x00007feb6162b000 JavaThread "logcat-xiaomi-mi_5-bae7fbe1" [_thread_blocked, id=202115, stack(0x0000700014db2000,0x0000700014eb2000)]
  0x00007feb4d825800 JavaThread "ApplicationImpl pooled thread 3671" daemon [_thread_blocked, id=273291, stack(0x0000700014aa6000,0x0000700014ba6000)]
  0x00007feb5ac0a000 JavaThread "ApplicationImpl pooled thread 3669" daemon [_thread_blocked, id=250803, stack(0x000070001636e000,0x000070001646e000)]
  0x00007feb4a38a800 JavaThread "ApplicationImpl pooled thread 3664" daemon [_thread_blocked, id=200483, stack(0x0000700013970000,0x0000700013a70000)]
  0x00007feb5b5c4800 JavaThread "process reaper" daemon [_thread_in_native, id=199943, stack(0x0000700011f77000,0x0000700011f9f000)]
  0x00007feb49a7f000 JavaThread "ApplicationImpl pooled thread 3376" daemon [_thread_blocked, id=197211, stack(0x0000700015b56000,0x0000700015c56000)]
  0x00007feb66fa4800 JavaThread "ApplicationImpl pooled thread 2549" daemon [_thread_blocked, id=216651, stack(0x000070001584d000,0x000070001594d000)]
  0x00007feb61213000 JavaThread "ApplicationImpl pooled thread 2506" daemon [_thread_blocked, id=154787, stack(0x0000700015a53000,0x0000700015b53000)]
  0x00007feb5cc6e800 JavaThread "ApplicationImpl pooled thread 2468" daemon [_thread_blocked, id=182823, stack(0x0000700013a73000,0x0000700013b73000)]
  0x00007feb61956800 JavaThread "ApplicationImpl pooled thread 2433" daemon [_thread_blocked, id=210211, stack(0x0000700014108000,0x0000700014208000)]
  0x00007feb597c6800 JavaThread "ApplicationImpl pooled thread 1280" daemon [_thread_blocked, id=214547, stack(0x0000700013564000,0x0000700013664000)]
  0x00007feb5d01b800 JavaThread "ApplicationImpl pooled thread 1075" daemon [_thread_blocked, id=166167, stack(0x0000700016d0c000,0x0000700016e0c000)]
  0x00007feb4991b800 JavaThread "ApplicationImpl pooled thread 1074" daemon [_thread_blocked, id=177947, stack(0x0000700016677000,0x0000700016777000)]
  0x00007feb61a91000 JavaThread "ApplicationImpl pooled thread 1067" daemon [_thread_blocked, id=208679, stack(0x0000700016c09000,0x0000700016d09000)]
  0x00007feb62994800 JavaThread "ApplicationImpl pooled thread 1064" daemon [_thread_blocked, id=184087, stack(0x0000700014ba9000,0x0000700014ca9000)]
  0x00007feb59c50800 JavaThread "ApplicationImpl pooled thread 1056" daemon [_thread_blocked, id=179791, stack(0x0000700016574000,0x0000700016674000)]
  0x00007feb5a5de800 JavaThread "ApplicationImpl pooled thread 1039" daemon [_thread_blocked, id=178715, stack(0x0000700015441000,0x0000700015541000)]
  0x00007feb66a1d000 JavaThread "grpc-default-worker-ELG-1-16" daemon [_thread_in_native, id=67067, stack(0x0000700014eb5000,0x0000700014fb5000)]
  0x00007feb4a7d8000 JavaThread "ApplicationImpl pooled thread 984" daemon [_thread_blocked, id=95119, stack(0x0000700014411000,0x0000700014511000)]
  0x00007feb65c0e800 JavaThread "grpc-default-worker-ELG-1-15" daemon [_thread_in_native, id=132447, stack(0x0000700015950000,0x0000700015a50000)]
  0x00007feb49ee9000 JavaThread "ApplicationImpl pooled thread 845" daemon [_thread_blocked, id=164711, stack(0x0000700013c79000,0x0000700013d79000)]
  0x00007feb614b0000 JavaThread "grpc-default-worker-ELG-1-14" daemon [_thread_in_native, id=127975, stack(0x000070001469a000,0x000070001479a000)]
  0x00007feb627a6800 JavaThread "grpc-default-worker-ELG-1-13" daemon [_thread_in_native, id=136535, stack(0x0000700014caf000,0x0000700014daf000)]
  0x00007feb62331800 JavaThread "ApplicationImpl pooled thread 837" [_thread_blocked, id=101623, stack(0x0000700015647000,0x0000700015747000)]
  0x00007feb5b32e000 JavaThread "ApplicationImpl pooled thread 835" daemon [_thread_blocked, id=161815, stack(0x000070001335e000,0x000070001345e000)]
  0x00007feb4bd4b800 JavaThread "grpc-default-worker-ELG-1-12" daemon [_thread_in_native, id=164395, stack(0x0000700015544000,0x0000700015644000)]
  0x00007feb629c7800 JavaThread "grpc-default-worker-ELG-1-11" daemon [_thread_in_native, id=62467, stack(0x000070001523b000,0x000070001533b000)]
  0x00007feb5afec800 JavaThread "ApplicationImpl pooled thread 791" daemon [_thread_blocked, id=158607, stack(0x000070001574a000,0x000070001584a000)]
  0x00007feb5a96b800 JavaThread "grpc-default-worker-ELG-1-10" daemon [_thread_in_native, id=162583, stack(0x00007000149a3000,0x0000700014aa3000)]
  0x00007feb67f67000 JavaThread "ApplicationImpl pooled thread 787" daemon [_thread_blocked, id=170775, stack(0x0000700015035000,0x0000700015135000)]
  0x00007feb4a17c000 JavaThread "ApplicationImpl pooled thread 786" daemon [_thread_blocked, id=144191, stack(0x0000700012ecf000,0x0000700012fcf000)]
  0x00007feb5a9cf800 JavaThread "grpc-default-worker-ELG-1-9" daemon [_thread_in_native, id=38883, stack(0x0000700014597000,0x0000700014697000)]
  0x00007feb611f8800 JavaThread "ApplicationImpl pooled thread 766" daemon [_thread_blocked, id=69231, stack(0x000070001481d000,0x000070001491d000)]
  0x00007feb5b357800 JavaThread "grpc-default-worker-ELG-1-8" daemon [_thread_in_native, id=71851, stack(0x000070001430e000,0x000070001440e000)]
  0x00007feb611d4000 JavaThread "ApplicationImpl pooled thread 740" daemon [_thread_blocked, id=126803, stack(0x0000700012ac3000,0x0000700012bc3000)]
  0x00007feb5afc5000 JavaThread "grpc-default-worker-ELG-1-7" daemon [_thread_in_native, id=103435, stack(0x0000700013b76000,0x0000700013c76000)]
  0x00007feb667f7800 JavaThread "ApplicationImpl pooled thread 487" [_thread_blocked, id=107467, stack(0x000070001376a000,0x000070001386a000)]
  0x00007feb61d0b000 JavaThread "grpc-default-worker-ELG-1-6" daemon [_thread_in_native, id=134579, stack(0x000070001420b000,0x000070001430b000)]
  0x00007feb4bcac800 JavaThread "ApplicationImpl pooled thread 466" daemon [_thread_blocked, id=27367, stack(0x000070001325b000,0x000070001335b000)]
  0x00007feb4bb30000 JavaThread "grpc-default-worker-ELG-1-5" daemon [_thread_in_native, id=111411, stack(0x000070001386d000,0x000070001396d000)]
  0x00007feb5ae54000 JavaThread "grpc-default-worker-ELG-1-4" daemon [_thread_in_native, id=172551, stack(0x0000700013667000,0x0000700013767000)]
  0x00007feb61d83000 JavaThread "grpc-default-worker-ELG-1-3" daemon [_thread_in_native, id=92563, stack(0x0000700013461000,0x0000700013561000)]
  0x00007feb66c1d800 JavaThread "ApplicationImpl pooled thread 149" daemon [_thread_blocked, id=132243, stack(0x0000700013158000,0x0000700013258000)]
  0x00007feb4de33800 JavaThread "grpc-default-worker-ELG-1-2" daemon [_thread_in_native, id=116679, stack(0x0000700012cc9000,0x0000700012dc9000)]
  0x00007feb62231800 JavaThread "grpc-timer-0" daemon [_thread_blocked, id=121971, stack(0x000070001278f000,0x000070001288f000)]
  0x00007feb60177800 JavaThread "ApplicationImpl pooled thread 147" daemon [_thread_blocked, id=99111, stack(0x0000700011e49000,0x0000700011f49000)]
  0x00007feb62555000 JavaThread "ApplicationImpl pooled thread 145" daemon [_thread_blocked, id=90735, stack(0x00007000114a2000,0x00007000115a2000)]
  0x00007feb65a22000 JavaThread "ApplicationImpl pooled thread 117" daemon [_thread_blocked, id=115479, stack(0x000070000f557000,0x000070000f657000)]
  0x00007feb5c866800 JavaThread "grpc-default-executor-2" daemon [_thread_blocked, id=92835, stack(0x0000700014005000,0x0000700014105000)]
  0x00007feb65b3a000 JavaThread "threadDeathWatcher-3-1" daemon [_thread_blocked, id=106471, stack(0x0000700013f02000,0x0000700014002000)]
  0x00007feb4de8b800 JavaThread "grpc-default-worker-ELG-1-1" daemon [_thread_in_native, id=113431, stack(0x0000700013dff000,0x0000700013eff000)]
  0x00007feb4acef000 JavaThread "DataStoreReportTimer" [_thread_blocked, id=84539, stack(0x00007000117ae000,0x00007000118ae000)]
  0x00007feb5ae60800 JavaThread "Device Client Monitor" [_thread_in_native, id=122787, stack(0x0000700013055000,0x0000700013155000)]
  0x00007feb4be1f800 JavaThread "Device List Monitor" [_thread_in_native, id=100135, stack(0x000070001268c000,0x000070001278c000)]
  0x00007feb66e44000 JavaThread "Monitor" [_thread_in_native, id=94571, stack(0x0000700011ffa000,0x00007000120fa000)]
  0x00007feb605e3000 JavaThread "ApplicationImpl pooled thread 106" daemon [_thread_blocked, id=101807, stack(0x0000700012589000,0x0000700012689000)]
  0x00007feb5a0fc000 JavaThread "Timer-0" daemon [_thread_blocked, id=93207, stack(0x0000700012dcc000,0x0000700012ecc000)]
  0x00007feb6122a800 JavaThread "TimerQueue" daemon [_thread_blocked, id=91659, stack(0x00007000129c0000,0x0000700012ac0000)]
  0x00007feb604c1800 JavaThread "Netty Builtin Server 2" [_thread_in_native, id=91403, stack(0x00007000128bd000,0x00007000129bd000)]
  0x00007feb5ac7c800 JavaThread "BaseDataReader: error stream of fsnotifier" [_thread_in_native, id=88075, stack(0x0000700012486000,0x0000700012586000)]
  0x00007feb606cc800 JavaThread "BaseDataReader: output stream of fsnotifier" [_thread_in_native, id=88843, stack(0x0000700012383000,0x0000700012483000)]
  0x00007feb606fb000 JavaThread "ProcessWaitFor: fsnotifier" [_thread_blocked, id=66167, stack(0x0000700012280000,0x0000700012380000)]
  0x00007feb5c815000 JavaThread "AWT-SelectorPerformer pool-2-thread-1" daemon [_thread_blocked, id=74327, stack(0x0000700011b40000,0x0000700011c40000)]
  0x00007feb59f6d000 JavaThread "AWT-EventQueue-0 3.1#AI-173.4670197 Studio, eap:false, os:Mac OS X 10.13.4, java-version:JetBrains s.r.o 1.8.0_152-release-1024-b01" [_thread_blocked, id=67919, stack(0x000070001217d000,0x000070001227d000)]
  0x00007feb5a32c800 JavaThread "process reaper" daemon [_thread_in_native, id=68363, stack(0x0000700011f4c000,0x0000700011f74000)]
  0x00007feb59d9c000 JavaThread "Periodic tasks thread" daemon [_thread_blocked, id=71207, stack(0x0000700011d46000,0x0000700011e46000)]
  0x00007feb59eaf000 JavaThread "Netty Builtin Server 1" [_thread_in_native, id=62039, stack(0x0000700011c43000,0x0000700011d43000)]
  0x00007feb5a32b800 JavaThread "DestroyJavaVM" [_thread_blocked, id=8195, stack(0x000070000f65d000,0x000070000fe5d000)]
  0x00007feb5ab92000 JavaThread "Java2D Disposer" daemon [_thread_blocked, id=56835, stack(0x0000700011a3d000,0x0000700011b3d000)]
  0x00007feb59d9a000 JavaThread "Java2D Queue Flusher" daemon [_thread_blocked, id=55303, stack(0x000070001193a000,0x0000700011a3a000)]
  0x00007feb59d55800 JavaThread "AWT-Shutdown" [_thread_blocked, id=36383, stack(0x00007000115a8000,0x00007000116a8000)]
  0x00007feb5aa64000 JavaThread "AWT-AppKit" daemon [_thread_in_native, id=775, stack(0x00007ffee5eeb000,0x00007ffee66eb000)]
  0x00007feb5980b000 JavaThread "Service Thread" daemon [_thread_blocked, id=23299, stack(0x000070001129c000,0x000070001139c000)]
  0x00007feb59808000 JavaThread "C1 CompilerThread3" daemon [_thread_blocked, id=43011, stack(0x0000700011199000,0x0000700011299000)]
  0x00007feb59807800 JavaThread "C2 CompilerThread2" daemon [_thread_blocked, id=22787, stack(0x0000700011096000,0x0000700011196000)]
  0x00007feb5a030800 JavaThread "C2 CompilerThread1" daemon [_thread_blocked, id=43267, stack(0x0000700010f93000,0x0000700011093000)]
  0x00007feb5a02d000 JavaThread "C2 CompilerThread0" daemon [_thread_blocked, id=22019, stack(0x0000700010e90000,0x0000700010f90000)]
  0x00007feb5a86d800 JavaThread "Signal Dispatcher" daemon [_thread_blocked, id=16899, stack(0x0000700010d8d000,0x0000700010e8d000)]
  0x00007feb5a84a800 JavaThread "Surrogate Locker Thread (Concurrent GC)" daemon [_thread_blocked, id=17415, stack(0x0000700010c8a000,0x0000700010d8a000)]
  0x00007feb5c000000 JavaThread "Finalizer" daemon [_thread_blocked, id=15875, stack(0x0000700010b87000,0x0000700010c87000)]
  0x00007feb5a861000 JavaThread "Reference Handler" daemon [_thread_blocked, id=15619, stack(0x0000700010a84000,0x0000700010b84000)]

Other Threads:
  0x00007feb5a02b000 VMThread [stack: 0x0000700010981000,0x0000700010a81000] [id=15107]
  0x00007feb5a02c800 WatcherThread [stack: 0x000070001139f000,0x000070001149f000] [id=23811]

VM state:not at safepoint (normal execution)

VM Mutex/Monitor currently owned by a thread: None

Heap:
 par new generation   total 393216K, used 204686K [0x0000000770000000, 0x000000078aaa0000, 0x000000078aaa0000)
  eden space 349568K,  48% used [0x0000000770000000, 0x000000077a558840, 0x0000000785560000)
  from space 43648K,  81% used [0x0000000788000000, 0x000000078a28b028, 0x000000078aaa0000)
  to   space 43648K,   0% used [0x0000000785560000, 0x0000000785560000, 0x0000000788000000)
 concurrent mark-sweep generation total 873856K, used 470138K [0x000000078aaa0000, 0x00000007c0000000, 0x00000007c0000000)
 Metaspace       used 348765K, capacity 374814K, committed 378144K, reserved 1376256K
  class space    used 45392K, capacity 50071K, committed 50660K, reserved 1048576K

Card table byte_map: [0x000000010be5b000,0x000000010c0dc000] byte_map_base: 0x00000001082db000

Marking Bits: (CMSBitMap*) 0x00007feb5900f948
 Bits: [0x000000010ca88000, 0x000000010d7dd800)

Mod Union Table: (CMSBitMap*) 0x00007feb5900fa08
 Bits: [0x000000010d7de000, 0x000000010d813560)

Polling page: 0x000000010ba89000

CodeCache: size=245760Kb used=207868Kb max_used=215014Kb free=37891Kb
 bounds [0x0000000112f01000, 0x0000000121831000, 0x0000000121f01000]
 total_blobs=42140 nmethods=40282 adapters=1762
 compilation: enabled

Compilation events (10 events):
Event: 365013.068 Thread 0x00007feb59808000 nmethod 145424 0x0000000116f4b4d0 code [0x0000000116f4b620, 0x0000000116f4b730]
Event: 365013.068 Thread 0x00007feb59808000 145422       1       com.intellij.ui.treeStructure.filtered.FilteringTreeBuilder::isAlwaysShowPlus (2 bytes)
Event: 365013.068 Thread 0x00007feb59808000 nmethod 145422 0x0000000116f4b190 code [0x0000000116f4b2e0, 0x0000000116f4b3f0]
Event: 365013.076 Thread 0x00007feb5a02d000 145425       4       java.awt.geom.AffineTransform::getMatrix (49 bytes)
Event: 365013.078 Thread 0x00007feb5a02d000 nmethod 145425 0x0000000113654f90 code [0x00000001136550e0, 0x0000000113655238]
Event: 365013.078 Thread 0x00007feb5a030800 145426       4       java.awt.geom.Point2D::<init> (5 bytes)
Event: 365013.079 Thread 0x00007feb5a030800 nmethod 145426 0x00000001171d4ad0 code [0x00000001171d4c20, 0x00000001171d4c78]
Event: 365013.080 Thread 0x00007feb59807800 145427       4       sun.font.StandardGlyphVector::initPositions (229 bytes)
Event: 365013.089 Thread 0x00007feb5a02d000 145428       4       java.awt.font.GlyphVector::<init> (5 bytes)
Event: 365013.090 Thread 0x00007feb5a02d000 nmethod 145428 0x00000001171d6d90 code [0x00000001171d6ee0, 0x00000001171d6f38]

GC Heap History (10 events):
Event: 364566.231 GC heap before
{Heap before GC invocations=6108 (full 109):
 par new generation   total 393216K, used 384495K [0x0000000770000000, 0x000000078aaa0000, 0x000000078aaa0000)
  eden space 349568K, 100% used [0x0000000770000000, 0x0000000785560000, 0x0000000785560000)
  from space 43648K,  80% used [0x0000000785560000, 0x000000078777bcb0, 0x0000000788000000)
  to   space 43648K,   0% used [0x0000000788000000, 0x0000000788000000, 0x000000078aaa0000)
 concurrent mark-sweep generation total 873856K, used 456492K [0x000000078aaa0000, 0x00000007c0000000, 0x00000007c0000000)
 Metaspace       used 348425K, capacity 374376K, committed 377888K, reserved 1376256K
  class space    used 45341K, capacity 50014K, committed 50660K, reserved 1048576K
Event: 364566.252 GC heap after
Heap after GC invocations=6109 (full 109):
 par new generation   total 393216K, used 36007K [0x0000000770000000, 0x000000078aaa0000, 0x000000078aaa0000)
  eden space 349568K,   0% used [0x0000000770000000, 0x0000000770000000, 0x0000000785560000)
  from space 43648K,  82% used [0x0000000788000000, 0x000000078a329c80, 0x000000078aaa0000)
  to   space 43648K,   0% used [0x0000000785560000, 0x0000000785560000, 0x0000000788000000)
 concurrent mark-sweep generation total 873856K, used 461986K [0x000000078aaa0000, 0x00000007c0000000, 0x00000007c0000000)
 Metaspace       used 348425K, capacity 374376K, committed 377888K, reserved 1376256K
  class space    used 45341K, capacity 50014K, committed 50660K, reserved 1048576K
}
Event: 364762.512 GC heap before
{Heap before GC invocations=6109 (full 109):
 par new generation   total 393216K, used 385575K [0x0000000770000000, 0x000000078aaa0000, 0x000000078aaa0000)
  eden space 349568K, 100% used [0x0000000770000000, 0x0000000785560000, 0x0000000785560000)
  from space 43648K,  82% used [0x0000000788000000, 0x000000078a329c80, 0x000000078aaa0000)
  to   space 43648K,   0% used [0x0000000785560000, 0x0000000785560000, 0x0000000788000000)
 concurrent mark-sweep generation total 873856K, used 461986K [0x000000078aaa0000, 0x00000007c0000000, 0x00000007c0000000)
 Metaspace       used 348447K, capacity 374424K, committed 377888K, reserved 1376256K
  class space    used 45345K, capacity 50022K, committed 50660K, reserved 1048576K
Event: 364762.542 GC heap after
Heap after GC invocations=6110 (full 109):
 par new generation   total 393216K, used 32481K [0x0000000770000000, 0x000000078aaa0000, 0x000000078aaa0000)
  eden space 349568K,   0% used [0x0000000770000000, 0x0000000770000000, 0x0000000785560000)
  from space 43648K,  74% used [0x0000000785560000, 0x00000007875184e0, 0x0000000788000000)
  to   space 43648K,   0% used [0x0000000788000000, 0x0000000788000000, 0x000000078aaa0000)
 concurrent mark-sweep generation total 873856K, used 467819K [0x000000078aaa0000, 0x00000007c0000000, 0x00000007c0000000)
 Metaspace       used 348447K, capacity 374424K, committed 377888K, reserved 1376256K
  class space    used 45345K, capacity 50022K, committed 50660K, reserved 1048576K
}
Event: 364766.697 GC heap before
{Heap before GC invocations=6110 (full 109):
 par new generation   total 393216K, used 382049K [0x0000000770000000, 0x000000078aaa0000, 0x000000078aaa0000)
  eden space 349568K, 100% used [0x0000000770000000, 0x0000000785560000, 0x0000000785560000)
  from space 43648K,  74% used [0x0000000785560000, 0x00000007875184e0, 0x0000000788000000)
  to   space 43648K,   0% used [0x0000000788000000, 0x0000000788000000, 0x000000078aaa0000)
 concurrent mark-sweep generation total 873856K, used 467819K [0x000000078aaa0000, 0x00000007c0000000, 0x00000007c0000000)
 Metaspace       used 348452K, capacity 374430K, committed 377888K, reserved 1376256K
  class space    used 45346K, capacity 50023K, committed 50660K, reserved 1048576K
Event: 364766.712 GC heap after
Heap after GC invocations=6111 (full 109):
 par new generation   total 393216K, used 33743K [0x0000000770000000, 0x000000078aaa0000, 0x000000078aaa0000)
  eden space 349568K,   0% used [0x0000000770000000, 0x0000000770000000, 0x0000000785560000)
  from space 43648K,  77% used [0x0000000788000000, 0x000000078a0f3d70, 0x000000078aaa0000)
  to   space 43648K,   0% used [0x0000000785560000, 0x0000000785560000, 0x0000000788000000)
 concurrent mark-sweep generation total 873856K, used 467819K [0x000000078aaa0000, 0x00000007c0000000, 0x00000007c0000000)
 Metaspace       used 348452K, capacity 374430K, committed 377888K, reserved 1376256K
  class space    used 45346K, capacity 50023K, committed 50660K, reserved 1048576K
}
Event: 364893.905 GC heap before
{Heap before GC invocations=6111 (full 109):
 par new generation   total 393216K, used 383311K [0x0000000770000000, 0x000000078aaa0000, 0x000000078aaa0000)
  eden space 349568K, 100% used [0x0000000770000000, 0x0000000785560000, 0x0000000785560000)
  from space 43648K,  77% used [0x0000000788000000, 0x000000078a0f3d70, 0x000000078aaa0000)
  to   space 43648K,   0% used [0x0000000785560000, 0x0000000785560000, 0x0000000788000000)
 concurrent mark-sweep generation total 873856K, used 467819K [0x000000078aaa0000, 0x00000007c0000000, 0x00000007c0000000)
 Metaspace       used 348468K, capacity 374500K, committed 377888K, reserved 1376256K
  class space    used 45346K, capacity 50024K, committed 50660K, reserved 1048576K
Event: 364893.928 GC heap after
Heap after GC invocations=6112 (full 109):
 par new generation   total 393216K, used 33033K [0x0000000770000000, 0x000000078aaa0000, 0x000000078aaa0000)
  eden space 349568K,   0% used [0x0000000770000000, 0x0000000770000000, 0x0000000785560000)
  from space 43648K,  75% used [0x0000000785560000, 0x00000007875a24b8, 0x0000000788000000)
  to   space 43648K,   0% used [0x0000000788000000, 0x0000000788000000, 0x000000078aaa0000)
 concurrent mark-sweep generation total 873856K, used 470138K [0x000000078aaa0000, 0x00000007c0000000, 0x00000007c0000000)
 Metaspace       used 348468K, capacity 374500K, committed 377888K, reserved 1376256K
  class space    used 45346K, capacity 50024K, committed 50660K, reserved 1048576K
}
Event: 364894.546 GC heap before
{Heap before GC invocations=6112 (full 109):
 par new generation   total 393216K, used 382601K [0x0000000770000000, 0x000000078aaa0000, 0x000000078aaa0000)
  eden space 349568K, 100% used [0x0000000770000000, 0x0000000785560000, 0x0000000785560000)
  from space 43648K,  75% used [0x0000000785560000, 0x00000007875a24b8, 0x0000000788000000)
  to   space 43648K,   0% used [0x0000000788000000, 0x0000000788000000, 0x000000078aaa0000)
 concurrent mark-sweep generation total 873856K, used 470138K [0x000000078aaa0000, 0x00000007c0000000, 0x00000007c0000000)
 Metaspace       used 348469K, capacity 374500K, committed 377888K, reserved 1376256K
  class space    used 45346K, capacity 50024K, committed 50660K, reserved 1048576K
Event: 364894.567 GC heap after
Heap after GC invocations=6113 (full 109):
 par new generation   total 393216K, used 35372K [0x0000000770000000, 0x000000078aaa0000, 0x000000078aaa0000)
  eden space 349568K,   0% used [0x0000000770000000, 0x0000000770000000, 0x0000000785560000)
  from space 43648K,  81% used [0x0000000788000000, 0x000000078a28b028, 0x000000078aaa0000)
  to   space 43648K,   0% used [0x0000000785560000, 0x0000000785560000, 0x0000000788000000)
 concurrent mark-sweep generation total 873856K, used 470138K [0x000000078aaa0000, 0x00000007c0000000, 0x00000007c0000000)
 Metaspace       used 348469K, capacity 374500K, committed 377888K, reserved 1376256K
  class space    used 45346K, capacity 50024K, committed 50660K, reserved 1048576K
}

Deoptimization events (10 events):
Event: 365013.072 Thread 0x00007feb4d27c800 Uncommon trap: reason=class_check action=maybe_recompile pc=0x000000011813e74c method=java.awt.Font.canDisplay(C)Z @ 5
Event: 365013.072 Thread 0x00007feb4d27c800 Uncommon trap: reason=class_check action=maybe_recompile pc=0x0000000115860b00 method=sun.font.StandardGlyphVector.init(Ljava/awt/Font;[CIILjava/awt/font/FontRenderContext;I)V @ 107
Event: 365013.072 Thread 0x00007feb4d27c800 Uncommon trap: reason=class_check action=maybe_recompile pc=0x000000011691ab04 method=sun.font.StandardGlyphVector$GlyphStrike.addDefaultGlyphAdvance(ILjava/awt/geom/Point2D$Float;)V @ 5
Event: 365013.072 Thread 0x00007feb4d27c800 Uncommon trap: reason=class_check action=maybe_recompile pc=0x00000001191a9b20 method=java.awt.Font.getFamily(Ljava/util/Locale;)Ljava/lang/String; @ 19
Event: 365013.072 Thread 0x00007feb4d27c800 Uncommon trap: reason=class_check action=maybe_recompile pc=0x000000011813e74c method=java.awt.Font.canDisplay(C)Z @ 5
Event: 365013.072 Thread 0x00007feb4d27c800 Uncommon trap: reason=class_check action=maybe_recompile pc=0x0000000115860b00 method=sun.font.StandardGlyphVector.init(Ljava/awt/Font;[CIILjava/awt/font/FontRenderContext;I)V @ 107
Event: 365013.075 Thread 0x00007feb4d27c800 Uncommon trap: reason=class_check action=maybe_recompile pc=0x000000011691ab04 method=sun.font.StandardGlyphVector$GlyphStrike.addDefaultGlyphAdvance(ILjava/awt/geom/Point2D$Float;)V @ 5
Event: 365013.075 Thread 0x00007feb4d27c800 Uncommon trap: reason=class_check action=maybe_recompile pc=0x000000011747f330 method=sun.font.StandardGlyphVector.init(Ljava/awt/Font;[CIILjava/awt/font/FontRenderContext;I)V @ 107
Event: 365013.076 Thread 0x00007feb4d27c800 Uncommon trap: reason=class_check action=maybe_recompile pc=0x00000001191a9b20 method=java.awt.Font.getFamily(Ljava/util/Locale;)Ljava/lang/String; @ 19
Event: 365013.080 Thread 0x00007feb4d27c800 Uncommon trap: reason=class_check action=maybe_recompile pc=0x00000001191a9b20 method=java.awt.Font.getFamily(Ljava/util/Locale;)Ljava/lang/String; @ 19

Classes redefined (0 events):
No events

Internal exceptions (10 events):
Event: 365011.950 Thread 0x00007feb5c957000 Exception <a 'sun/nio/fs/UnixException'> (0x000000077900cfb0) thrown at [/Volumes/android/AOSP-openjdk-git/jdk8u/hotspot/src/share/vm/prims/jni.cpp, line 709]
Event: 365011.950 Thread 0x00007feb5c957000 Exception <a 'sun/nio/fs/UnixException'> (0x000000077900e290) thrown at [/Volumes/android/AOSP-openjdk-git/jdk8u/hotspot/src/share/vm/prims/jni.cpp, line 709]
Event: 365011.950 Thread 0x00007feb5c957000 Exception <a 'sun/nio/fs/UnixException'> (0x000000077900f638) thrown at [/Volumes/android/AOSP-openjdk-git/jdk8u/hotspot/src/share/vm/prims/jni.cpp, line 709]
Event: 365011.950 Thread 0x00007feb5c957000 Exception <a 'sun/nio/fs/UnixException'> (0x00000007790108f0) thrown at [/Volumes/android/AOSP-openjdk-git/jdk8u/hotspot/src/share/vm/prims/jni.cpp, line 709]
Event: 365011.951 Thread 0x00007feb5c957000 Exception <a 'sun/nio/fs/UnixException'> (0x0000000779011c08) thrown at [/Volumes/android/AOSP-openjdk-git/jdk8u/hotspot/src/share/vm/prims/jni.cpp, line 709]
Event: 365011.951 Thread 0x00007feb5c957000 Exception <a 'sun/nio/fs/UnixException'> (0x0000000779012ee8) thrown at [/Volumes/android/AOSP-openjdk-git/jdk8u/hotspot/src/share/vm/prims/jni.cpp, line 709]
Event: 365011.951 Thread 0x00007feb5c957000 Exception <a 'sun/nio/fs/UnixException'> (0x0000000779014290) thrown at [/Volumes/android/AOSP-openjdk-git/jdk8u/hotspot/src/share/vm/prims/jni.cpp, line 709]
Event: 365013.093 Thread 0x00007feb4d27c800 Exception <a 'java/io/FileNotFoundException'> (0x000000077a54b058) thrown at [/Volumes/android/AOSP-openjdk-git/jdk8u/hotspot/src/share/vm/prims/jni.cpp, line 709]
Event: 365013.096 Thread 0x00007feb4d27c800 Exception <a 'java/io/FileNotFoundException'> (0x000000077a54c0c0) thrown at [/Volumes/android/AOSP-openjdk-git/jdk8u/hotspot/src/share/vm/prims/jni.cpp, line 709]
Event: 365013.097 Thread 0x00007feb4d27c800 Exception <a 'java/io/FileNotFoundException'> (0x000000077a54dd30) thrown at [/Volumes/android/AOSP-openjdk-git/jdk8u/hotspot/src/share/vm/prims/jni.cpp, line 709]

Events (10 events):
Event: 365013.076 Thread 0x00007feb4d27c800 Uncommon trap: trap_request=0xffffffde fr.pc=0x00000001191a9b20
Event: 365013.076 Thread 0x00007feb4d27c800 DEOPT PACKING pc=0x00000001191a9b20 sp=0x0000700017622d40
Event: 365013.076 Thread 0x00007feb4d27c800 DEOPT UNPACKING pc=0x0000000112f4647a sp=0x0000700017622d10 mode 2
Event: 365013.080 Thread 0x00007feb4d27c800 Uncommon trap: trap_request=0xffffffde fr.pc=0x00000001191a9b20
Event: 365013.080 Thread 0x00007feb4d27c800 DEOPT PACKING pc=0x00000001191a9b20 sp=0x0000700017622d40
Event: 365013.080 Thread 0x00007feb4d27c800 DEOPT UNPACKING pc=0x0000000112f4647a sp=0x0000700017622d10 mode 2
Event: 365013.101 loading class sun/font/NullFontScaler
Event: 365013.102 loading class sun/font/NullFontScaler done
Event: 365013.102 Executing VM operation: Deoptimize
Event: 365013.107 Executing VM operation: Deoptimize done


Dynamic libraries:
0x000000002eaf1000 	/System/Library/Frameworks/Cocoa.framework/Versions/A/Cocoa
0x000000002eaf1000 	/System/Library/Frameworks/Foundation.framework/Versions/C/Foundation
0x000000002eaf1000 	/usr/lib/libobjc.A.dylib
0x000000002eaf1000 	/usr/lib/libSystem.B.dylib
0x000000002eaf1000 	/System/Library/Frameworks/AppKit.framework/Versions/C/AppKit
0x000000002eaf1000 	/System/Library/Frameworks/CoreFoundation.framework/Versions/A/CoreFoundation
0x000000002eaf1000 	/System/Library/Frameworks/CoreData.framework/Versions/A/CoreData
0x000000002eaf1000 	/System/Library/PrivateFrameworks/RemoteViewServices.framework/Versions/A/RemoteViewServices
0x000000002eaf1000 	/System/Library/PrivateFrameworks/UIFoundation.framework/Versions/A/UIFoundation
0x000000002eaf1000 	/System/Library/PrivateFrameworks/DFRFoundation.framework/Versions/A/DFRFoundation
0x000000002eaf1000 	/System/Library/Frameworks/Metal.framework/Versions/A/Metal
0x000000002eaf1000 	/System/Library/PrivateFrameworks/DesktopServicesPriv.framework/Versions/A/DesktopServicesPriv
0x000000002eaf1000 	/usr/lib/libenergytrace.dylib
0x000000002eaf1000 	/System/Library/PrivateFrameworks/SkyLight.framework/Versions/A/SkyLight
0x000000002eaf1000 	/System/Library/Frameworks/CoreGraphics.framework/Versions/A/CoreGraphics
0x000000002eaf1000 	/usr/lib/libScreenReader.dylib
0x000000002eaf1000 	/System/Library/Frameworks/Accelerate.framework/Versions/A/Accelerate
0x000000002eaf1000 	/System/Library/Frameworks/IOSurface.framework/Versions/A/IOSurface
0x000000002eaf1000 	/System/Library/Frameworks/ApplicationServices.framework/Versions/A/ApplicationServices
0x000000002eaf1000 	/System/Library/Frameworks/AudioToolbox.framework/Versions/A/AudioToolbox
0x000000002eaf1000 	/System/Library/Frameworks/AudioUnit.framework/Versions/A/AudioUnit
0x000000002eaf1000 	/System/Library/PrivateFrameworks/DataDetectorsCore.framework/Versions/A/DataDetectorsCore
0x000000002eaf1000 	/System/Library/Frameworks/Carbon.framework/Versions/A/Frameworks/HIToolbox.framework/Versions/A/HIToolbox
0x000000002eaf1000 	/usr/lib/libicucore.A.dylib
0x000000002eaf1000 	/usr/lib/libz.1.dylib
0x000000002eaf1000 	/System/Library/Frameworks/QuartzCore.framework/Versions/A/QuartzCore
0x000000002eaf1000 	/System/Library/Frameworks/Security.framework/Versions/A/Security
0x000000002eaf1000 	/System/Library/PrivateFrameworks/SignpostNotification.framework/Versions/A/SignpostNotification
0x000000002eaf1000 	/System/Library/Frameworks/Carbon.framework/Versions/A/Frameworks/SpeechRecognition.framework/Versions/A/SpeechRecognition
0x000000002eaf1000 	/usr/lib/libauto.dylib
0x000000002eaf1000 	/usr/lib/libxml2.2.dylib
0x000000002eaf1000 	/System/Library/PrivateFrameworks/CoreUI.framework/Versions/A/CoreUI
0x000000002eaf1000 	/System/Library/Frameworks/CoreAudio.framework/Versions/A/CoreAudio
0x000000002eaf1000 	/System/Library/Frameworks/DiskArbitration.framework/Versions/A/DiskArbitration
0x000000002eaf1000 	/usr/lib/liblangid.dylib
0x000000002eaf1000 	/System/Library/PrivateFrameworks/MultitouchSupport.framework/Versions/A/MultitouchSupport
0x000000002eaf1000 	/System/Library/Frameworks/IOKit.framework/Versions/A/IOKit
0x000000002eaf1000 	/usr/lib/libDiagnosticMessagesClient.dylib
0x000000002eaf1000 	/System/Library/Frameworks/CoreServices.framework/Versions/A/CoreServices
0x000000002eaf1000 	/System/Library/PrivateFrameworks/PerformanceAnalysis.framework/Versions/A/PerformanceAnalysis
0x000000002eaf1000 	/System/Library/Frameworks/OpenGL.framework/Versions/A/OpenGL
0x000000002eaf1000 	/System/Library/Frameworks/ColorSync.framework/Versions/A/ColorSync
0x000000002eaf1000 	/System/Library/Frameworks/CoreImage.framework/Versions/A/CoreImage
0x000000002eaf1000 	/System/Library/Frameworks/CoreText.framework/Versions/A/CoreText
0x000000002eaf1000 	/System/Library/Frameworks/ImageIO.framework/Versions/A/ImageIO
0x000000002eaf1000 	/System/Library/PrivateFrameworks/Backup.framework/Versions/A/Backup
0x000000002eaf1000 	/usr/lib/libarchive.2.dylib
0x000000002eaf1000 	/System/Library/Frameworks/CFNetwork.framework/Versions/A/CFNetwork
0x000000002eaf1000 	/System/Library/Frameworks/SystemConfiguration.framework/Versions/A/SystemConfiguration
0x000000002eaf1000 	/usr/lib/libCRFSuite.dylib
0x000000002eaf1000 	/usr/lib/libc++.1.dylib
0x000000002eaf1000 	/usr/lib/libc++abi.dylib
0x000000002eaf1000 	/usr/lib/system/libcache.dylib
0x000000002eaf1000 	/usr/lib/system/libcommonCrypto.dylib
0x000000002eaf1000 	/usr/lib/system/libcompiler_rt.dylib
0x000000002eaf1000 	/usr/lib/system/libcopyfile.dylib
0x000000002eaf1000 	/usr/lib/system/libcorecrypto.dylib
0x000000002eaf1000 	/usr/lib/system/libdispatch.dylib
0x000000002eaf1000 	/usr/lib/system/libdyld.dylib
0x000000002eaf1000 	/usr/lib/system/libkeymgr.dylib
0x000000002eaf1000 	/usr/lib/system/liblaunch.dylib
0x000000002eaf1000 	/usr/lib/system/libmacho.dylib
0x000000002eaf1000 	/usr/lib/system/libquarantine.dylib
0x000000002eaf1000 	/usr/lib/system/libremovefile.dylib
0x000000002eaf1000 	/usr/lib/system/libsystem_asl.dylib
0x000000002eaf1000 	/usr/lib/system/libsystem_blocks.dylib
0x000000002eaf1000 	/usr/lib/system/libsystem_c.dylib
0x000000002eaf1000 	/usr/lib/system/libsystem_configuration.dylib
0x000000002eaf1000 	/usr/lib/system/libsystem_coreservices.dylib
0x000000002eaf1000 	/usr/lib/system/libsystem_darwin.dylib
0x000000002eaf1000 	/usr/lib/system/libsystem_dnssd.dylib
0x000000002eaf1000 	/usr/lib/system/libsystem_info.dylib
0x000000002eaf1000 	/usr/lib/system/libsystem_m.dylib
0x000000002eaf1000 	/usr/lib/system/libsystem_malloc.dylib
0x000000002eaf1000 	/usr/lib/system/libsystem_network.dylib
0x000000002eaf1000 	/usr/lib/system/libsystem_networkextension.dylib
0x000000002eaf1000 	/usr/lib/system/libsystem_notify.dylib
0x000000002eaf1000 	/usr/lib/system/libsystem_sandbox.dylib
0x000000002eaf1000 	/usr/lib/system/libsystem_secinit.dylib
0x000000002eaf1000 	/usr/lib/system/libsystem_kernel.dylib
0x000000002eaf1000 	/usr/lib/system/libsystem_platform.dylib
0x000000002eaf1000 	/usr/lib/system/libsystem_pthread.dylib
0x000000002eaf1000 	/usr/lib/system/libsystem_symptoms.dylib
0x000000002eaf1000 	/usr/lib/system/libsystem_trace.dylib
0x000000002eaf1000 	/usr/lib/system/libunwind.dylib
0x000000002eaf1000 	/usr/lib/system/libxpc.dylib
0x000000002eaf1000 	/usr/lib/closure/libclosured.dylib
0x000000002eaf1000 	/usr/lib/libbsm.0.dylib
0x000000002eaf1000 	/usr/lib/system/libkxld.dylib
0x000000002eaf1000 	/usr/lib/libOpenScriptingUtil.dylib
0x000000002eaf1000 	/usr/lib/libcoretls.dylib
0x000000002eaf1000 	/usr/lib/libcoretls_cfhelpers.dylib
0x000000002eaf1000 	/usr/lib/libpam.2.dylib
0x000000002eaf1000 	/usr/lib/libsqlite3.dylib
0x000000002eaf1000 	/usr/lib/libxar.1.dylib
0x000000002eaf1000 	/usr/lib/libbz2.1.0.dylib
0x000000002eaf1000 	/usr/lib/liblzma.5.dylib
0x000000002eaf1000 	/usr/lib/libnetwork.dylib
0x000000002eaf1000 	/usr/lib/libapple_nghttp2.dylib
0x000000002eaf1000 	/usr/lib/libpcap.A.dylib
0x000000002eaf1000 	/usr/lib/libboringssl.dylib
0x000000002eaf1000 	/usr/lib/libusrtcp.dylib
0x000000002eaf1000 	/usr/lib/libapple_crypto.dylib
0x000000002eaf1000 	/System/Library/Frameworks/CoreServices.framework/Versions/A/Frameworks/FSEvents.framework/Versions/A/FSEvents
0x000000002eaf1000 	/System/Library/Frameworks/CoreServices.framework/Versions/A/Frameworks/CarbonCore.framework/Versions/A/CarbonCore
0x000000002eaf1000 	/System/Library/Frameworks/CoreServices.framework/Versions/A/Frameworks/Metadata.framework/Versions/A/Metadata
0x000000002eaf1000 	/System/Library/Frameworks/CoreServices.framework/Versions/A/Frameworks/OSServices.framework/Versions/A/OSServices
0x000000002eaf1000 	/System/Library/Frameworks/CoreServices.framework/Versions/A/Frameworks/SearchKit.framework/Versions/A/SearchKit
0x000000002eaf1000 	/System/Library/Frameworks/CoreServices.framework/Versions/A/Frameworks/AE.framework/Versions/A/AE
0x000000002eaf1000 	/System/Library/Frameworks/CoreServices.framework/Versions/A/Frameworks/LaunchServices.framework/Versions/A/LaunchServices
0x000000002eaf1000 	/System/Library/Frameworks/CoreServices.framework/Versions/A/Frameworks/DictionaryServices.framework/Versions/A/DictionaryServices
0x000000002eaf1000 	/System/Library/Frameworks/CoreServices.framework/Versions/A/Frameworks/SharedFileList.framework/Versions/A/SharedFileList
0x000000002eaf1000 	/System/Library/Frameworks/NetFS.framework/Versions/A/NetFS
0x000000002eaf1000 	/System/Library/PrivateFrameworks/NetAuth.framework/Versions/A/NetAuth
0x000000002eaf1000 	/System/Library/PrivateFrameworks/login.framework/Versions/A/Frameworks/loginsupport.framework/Versions/A/loginsupport
0x000000002eaf1000 	/System/Library/PrivateFrameworks/TCC.framework/Versions/A/TCC
0x000000002eaf1000 	/usr/lib/libmecabra.dylib
0x000000002eaf1000 	/System/Library/Frameworks/ApplicationServices.framework/Versions/A/Frameworks/ATS.framework/Versions/A/ATS
0x000000002eaf1000 	/System/Library/Frameworks/ApplicationServices.framework/Versions/A/Frameworks/ColorSyncLegacy.framework/Versions/A/ColorSyncLegacy
0x000000002eaf1000 	/System/Library/Frameworks/ApplicationServices.framework/Versions/A/Frameworks/HIServices.framework/Versions/A/HIServices
0x000000002eaf1000 	/System/Library/Frameworks/ApplicationServices.framework/Versions/A/Frameworks/LangAnalysis.framework/Versions/A/LangAnalysis
0x000000002eaf1000 	/System/Library/Frameworks/ApplicationServices.framework/Versions/A/Frameworks/PrintCore.framework/Versions/A/PrintCore
0x000000002eaf1000 	/System/Library/Frameworks/ApplicationServices.framework/Versions/A/Frameworks/QD.framework/Versions/A/QD
0x000000002eaf1000 	/System/Library/Frameworks/ApplicationServices.framework/Versions/A/Frameworks/SpeechSynthesis.framework/Versions/A/SpeechSynthesis
0x000000002eaf1000 	/System/Library/Frameworks/CoreDisplay.framework/Versions/A/CoreDisplay
0x000000002eaf1000 	/System/Library/Frameworks/Accelerate.framework/Versions/A/Frameworks/vImage.framework/Versions/A/vImage
0x000000002eaf1000 	/System/Library/Frameworks/Accelerate.framework/Versions/A/Frameworks/vecLib.framework/Versions/A/vecLib
0x000000002eaf1000 	/System/Library/Frameworks/Accelerate.framework/Versions/A/Frameworks/vecLib.framework/Versions/A/libvDSP.dylib
0x000000002eaf1000 	/System/Library/Frameworks/Accelerate.framework/Versions/A/Frameworks/vecLib.framework/Versions/A/libBNNS.dylib
0x000000002eaf1000 	/System/Library/Frameworks/Accelerate.framework/Versions/A/Frameworks/vecLib.framework/Versions/A/libQuadrature.dylib
0x000000002eaf1000 	/System/Library/Frameworks/Accelerate.framework/Versions/A/Frameworks/vecLib.framework/Versions/A/libvMisc.dylib
0x000000002eaf1000 	/System/Library/Frameworks/Accelerate.framework/Versions/A/Frameworks/vecLib.framework/Versions/A/libLAPACK.dylib
0x000000002eaf1000 	/System/Library/Frameworks/Accelerate.framework/Versions/A/Frameworks/vecLib.framework/Versions/A/libBLAS.dylib
0x000000002eaf1000 	/System/Library/Frameworks/Accelerate.framework/Versions/A/Frameworks/vecLib.framework/Versions/A/libLinearAlgebra.dylib
0x000000002eaf1000 	/System/Library/Frameworks/Accelerate.framework/Versions/A/Frameworks/vecLib.framework/Versions/A/libSparse.dylib
0x000000002eaf1000 	/System/Library/Frameworks/Accelerate.framework/Versions/A/Frameworks/vecLib.framework/Versions/A/libSparseBLAS.dylib
0x000000002eaf1000 	/System/Library/PrivateFrameworks/GPUWrangler.framework/Versions/A/GPUWrangler
0x000000002eaf1000 	/System/Library/PrivateFrameworks/IOAccelerator.framework/Versions/A/IOAccelerator
0x000000002eaf1000 	/System/Library/PrivateFrameworks/IOPresentment.framework/Versions/A/IOPresentment
0x000000002eaf1000 	/System/Library/PrivateFrameworks/DSExternalDisplay.framework/Versions/A/DSExternalDisplay
0x000000002eaf1000 	/System/Library/Frameworks/OpenGL.framework/Versions/A/Libraries/libCoreFSCache.dylib
0x000000002eaf1000 	/System/Library/Frameworks/CoreVideo.framework/Versions/A/CoreVideo
0x000000002eaf1000 	/System/Library/PrivateFrameworks/GraphVisualizer.framework/Versions/A/GraphVisualizer
0x000000002eaf1000 	/System/Library/Frameworks/MetalPerformanceShaders.framework/Versions/A/MetalPerformanceShaders
0x000000002eaf1000 	/usr/lib/libFosl_dynamic.dylib
0x000000002eaf1000 	/System/Library/PrivateFrameworks/FaceCore.framework/Versions/A/FaceCore
0x000000002eaf1000 	/System/Library/Frameworks/OpenCL.framework/Versions/A/OpenCL
0x000000002eaf1000 	/usr/lib/libcompression.dylib
0x000000002eaf1000 	/System/Library/Frameworks/ApplicationServices.framework/Versions/A/Frameworks/ATS.framework/Versions/A/Resources/libFontParser.dylib
0x000000002eaf1000 	/System/Library/Frameworks/ApplicationServices.framework/Versions/A/Frameworks/ATS.framework/Versions/A/Resources/libFontRegistry.dylib
0x000000002eaf1000 	/System/Library/Frameworks/ImageIO.framework/Versions/A/Resources/libJPEG.dylib
0x000000002eaf1000 	/System/Library/Frameworks/ImageIO.framework/Versions/A/Resources/libTIFF.dylib
0x000000002eaf1000 	/System/Library/Frameworks/ImageIO.framework/Versions/A/Resources/libPng.dylib
0x000000002eaf1000 	/System/Library/Frameworks/ImageIO.framework/Versions/A/Resources/libGIF.dylib
0x000000002eaf1000 	/System/Library/Frameworks/ImageIO.framework/Versions/A/Resources/libJP2.dylib
0x000000002eaf1000 	/System/Library/Frameworks/ImageIO.framework/Versions/A/Resources/libRadiance.dylib
0x000000002eaf1000 	/System/Library/PrivateFrameworks/AppleJPEG.framework/Versions/A/AppleJPEG
0x000000002eaf1000 	/System/Library/Frameworks/MetalPerformanceShaders.framework/Frameworks/MPSCore.framework/Versions/A/MPSCore
0x000000002eaf1000 	/System/Library/Frameworks/MetalPerformanceShaders.framework/Frameworks/MPSImage.framework/Versions/A/MPSImage
0x000000002eaf1000 	/System/Library/Frameworks/MetalPerformanceShaders.framework/Frameworks/MPSNeuralNetwork.framework/Versions/A/MPSNeuralNetwork
0x000000002eaf1000 	/System/Library/Frameworks/MetalPerformanceShaders.framework/Frameworks/MPSMatrix.framework/Versions/A/MPSMatrix
0x000000002eaf1000 	/System/Library/PrivateFrameworks/MetalTools.framework/Versions/A/MetalTools
0x000000002eaf1000 	/System/Library/Frameworks/OpenGL.framework/Versions/A/Libraries/libGLU.dylib
0x000000002eaf1000 	/System/Library/Frameworks/OpenGL.framework/Versions/A/Libraries/libGFXShared.dylib
0x000000002eaf1000 	/System/Library/Frameworks/OpenGL.framework/Versions/A/Libraries/libGL.dylib
0x000000002eaf1000 	/System/Library/Frameworks/OpenGL.framework/Versions/A/Libraries/libGLImage.dylib
0x000000002eaf1000 	/System/Library/Frameworks/OpenGL.framework/Versions/A/Libraries/libCVMSPluginSupport.dylib
0x000000002eaf1000 	/System/Library/Frameworks/OpenGL.framework/Versions/A/Libraries/libCoreVMClient.dylib
0x000000002eaf1000 	/usr/lib/libcups.2.dylib
0x000000002eaf1000 	/System/Library/Frameworks/Kerberos.framework/Versions/A/Kerberos
0x000000002eaf1000 	/System/Library/Frameworks/GSS.framework/Versions/A/GSS
0x000000002eaf1000 	/usr/lib/libresolv.9.dylib
0x000000002eaf1000 	/usr/lib/libiconv.2.dylib
0x000000002eaf1000 	/System/Library/PrivateFrameworks/Heimdal.framework/Versions/A/Heimdal
0x000000002eaf1000 	/usr/lib/libheimdal-asn1.dylib
0x000000002eaf1000 	/System/Library/Frameworks/OpenDirectory.framework/Versions/A/OpenDirectory
0x000000002eaf1000 	/System/Library/PrivateFrameworks/CommonAuth.framework/Versions/A/CommonAuth
0x000000002eaf1000 	/System/Library/Frameworks/OpenDirectory.framework/Versions/A/Frameworks/CFOpenDirectory.framework/Versions/A/CFOpenDirectory
0x000000002eaf1000 	/System/Library/Frameworks/SecurityFoundation.framework/Versions/A/SecurityFoundation
0x000000002eaf1000 	/System/Library/PrivateFrameworks/APFS.framework/Versions/A/APFS
0x000000002eaf1000 	/usr/lib/libutil.dylib
0x000000002eaf1000 	/System/Library/PrivateFrameworks/AppleSauce.framework/Versions/A/AppleSauce
0x000000002eaf1000 	/System/Library/PrivateFrameworks/LinguisticData.framework/Versions/A/LinguisticData
0x000000002eaf1000 	/usr/lib/libmarisa.dylib
0x000000002eaf1000 	/System/Library/PrivateFrameworks/Lexicon.framework/Versions/A/Lexicon
0x000000002eaf1000 	/usr/lib/libChineseTokenizer.dylib
0x000000002eaf1000 	/usr/lib/libcmph.dylib
0x000000002eaf1000 	/System/Library/PrivateFrameworks/LanguageModeling.framework/Versions/A/LanguageModeling
0x000000002eaf1000 	/System/Library/PrivateFrameworks/CoreEmoji.framework/Versions/A/CoreEmoji
0x000000002eaf1000 	/System/Library/Frameworks/ServiceManagement.framework/Versions/A/ServiceManagement
0x000000002eaf1000 	/System/Library/PrivateFrameworks/BackgroundTaskManagement.framework/Versions/A/BackgroundTaskManagement
0x000000002eaf1000 	/usr/lib/libxslt.1.dylib
0x000000002eaf1000 	/System/Library/Frameworks/Carbon.framework/Versions/A/Frameworks/Ink.framework/Versions/A/Ink
0x000000002eaf1000 	/System/Library/PrivateFrameworks/TextureIO.framework/Versions/A/TextureIO
0x000000002eaf1000 	/usr/lib/libate.dylib
0x000000002eaf1000 	/System/Library/PrivateFrameworks/CrashReporterSupport.framework/Versions/A/CrashReporterSupport
0x000000002eaf1000 	/System/Library/PrivateFrameworks/Sharing.framework/Versions/A/Sharing
0x000000002eaf1000 	/System/Library/PrivateFrameworks/IconServices.framework/Versions/A/IconServices
0x000000002eaf1000 	/System/Library/PrivateFrameworks/Apple80211.framework/Versions/A/Apple80211
0x000000002eaf1000 	/System/Library/PrivateFrameworks/CoreUtils.framework/Versions/A/CoreUtils
0x000000002eaf1000 	/System/Library/Frameworks/CoreWLAN.framework/Versions/A/CoreWLAN
0x000000002eaf1000 	/System/Library/Frameworks/IOBluetooth.framework/Versions/A/IOBluetooth
0x000000002eaf1000 	/System/Library/PrivateFrameworks/ProtocolBuffer.framework/Versions/A/ProtocolBuffer
0x000000002eaf1000 	/System/Library/PrivateFrameworks/CoreWiFi.framework/Versions/A/CoreWiFi
0x000000002eaf1000 	/System/Library/Frameworks/CoreBluetooth.framework/Versions/A/CoreBluetooth
0x000000002eaf1000 	/System/Library/PrivateFrameworks/DebugSymbols.framework/Versions/A/DebugSymbols
0x000000002eaf1000 	/System/Library/PrivateFrameworks/CoreSymbolication.framework/Versions/A/CoreSymbolication
0x000000002eaf1000 	/System/Library/PrivateFrameworks/Symbolication.framework/Versions/A/Symbolication
0x000000002eaf1000 	/System/Library/PrivateFrameworks/AppleFSCompression.framework/Versions/A/AppleFSCompression
0x000000002eaf1000 	/System/Library/PrivateFrameworks/SpeechRecognitionCore.framework/Versions/A/SpeechRecognitionCore
0x000000002eaf1000 	/System/Library/CoreServices/Encodings/libSimplifiedChineseConverter.dylib
0x000000002eaf1000 	/System/Library/PrivateFrameworks/CoreServicesInternal.framework/Versions/A/CoreServicesInternal
0x000000010afc7000 	/Applications/Android Studio.app/Contents/jre/jdk/Contents/MacOS/libjli.dylib
0x000000010afe1000 	/Applications/Android Studio.app/Contents/jre/jdk/Contents/Home/jre//lib/server/libjvm.dylib
0x000000002eaf1000 	/usr/lib/libstdc++.6.0.9.dylib
0x000000010ba49000 	/Applications/Android Studio.app/Contents/jre/jdk/Contents/Home/jre/lib/libverify.dylib
0x000000010ba55000 	/Applications/Android Studio.app/Contents/jre/jdk/Contents/Home/jre/lib/libjava.dylib
0x000000010ba92000 	/Applications/Android Studio.app/Contents/jre/jdk/Contents/Home/jre/lib/libzip.dylib
0x00000001120af000 	/Applications/Android Studio.app/Contents/jre/jdk/Contents/Home/jre/lib/libawt.dylib
0x0000000112153000 	/Applications/Android Studio.app/Contents/jre/jdk/Contents/Home/jre/lib/./libmlib_image.dylib
0x000000002eaf1000 	/System/Library/Frameworks/JavaVM.framework/Versions/A/Frameworks/JavaNativeFoundation.framework/Versions/A/JavaNativeFoundation
0x000000002eaf1000 	/System/Library/Frameworks/JavaVM.framework/Versions/A/Frameworks/JavaRuntimeSupport.framework/Versions/A/JavaRuntimeSupport
0x000000002eaf1000 	/System/Library/Frameworks/JavaVM.framework/Versions/A/JavaVM
0x000000002eaf1000 	/System/Library/PrivateFrameworks/JavaLaunching.framework/Versions/A/JavaLaunching
0x000000002eaf1000 	/System/Library/Frameworks/Carbon.framework/Versions/A/Carbon
0x000000002eaf1000 	/System/Library/Frameworks/Carbon.framework/Versions/A/Frameworks/CommonPanels.framework/Versions/A/CommonPanels
0x000000002eaf1000 	/System/Library/Frameworks/Carbon.framework/Versions/A/Frameworks/Help.framework/Versions/A/Help
0x000000002eaf1000 	/System/Library/Frameworks/Carbon.framework/Versions/A/Frameworks/ImageCapture.framework/Versions/A/ImageCapture
0x000000002eaf1000 	/System/Library/Frameworks/Carbon.framework/Versions/A/Frameworks/OpenScripting.framework/Versions/A/OpenScripting
0x000000002eaf1000 	/System/Library/Frameworks/Carbon.framework/Versions/A/Frameworks/Print.framework/Versions/A/Print
0x000000002eaf1000 	/System/Library/Frameworks/Carbon.framework/Versions/A/Frameworks/SecurityHI.framework/Versions/A/SecurityHI
0x0000000112212000 	/Applications/Android Studio.app/Contents/jre/jdk/Contents/Home/jre/lib/libawt_lwawt.dylib
0x00000001122cf000 	/Applications/Android Studio.app/Contents/jre/jdk/Contents/Home/jre/lib/./libosxapp.dylib
0x000000002eaf1000 	/System/Library/Frameworks/ExceptionHandling.framework/Versions/A/ExceptionHandling
0x000000002eaf1000 	/System/Library/Frameworks/Accelerate.framework/Versions/A/Frameworks/vImage.framework/Versions/A/Libraries/libCGInterfaces.dylib
0x000000002eaf1000 	/System/Library/Frameworks/ApplicationServices.framework/Versions/A/Frameworks/ATS.framework/Versions/A/Resources/libTrueTypeScaler.dylib
0x000000002eaf1000 	/System/Library/Extensions/AppleIntelSKLGraphicsMTLDriver.bundle/Contents/MacOS/AppleIntelSKLGraphicsMTLDriver
0x000000012393f000 	/System/Library/Extensions/AMDMTLBronzeDriver.bundle/Contents/MacOS/AMDMTLBronzeDriver
0x000000002eaf1000 	/System/Library/PrivateFrameworks/IOAccelMemoryInfo.framework/Versions/A/IOAccelMemoryInfo
0x000000002eaf1000 	/System/Library/PrivateFrameworks/GPUCompiler.framework/Versions/3802/Libraries/libmetal_timestamp.dylib
0x0000000123de6000 	/Applications/Android Studio.app/Contents/jre/jdk/Contents/Home/jre/lib/libfontmanager.dylib
0x0000000123eec000 	/Applications/Android Studio.app/Contents/jre/jdk/Contents/Home/jre/lib/./libfreetype.dylib.6
0x000000011150b000 	/Applications/Android Studio.app/Contents/jre/jdk/Contents/Home/jre/lib/libosx.dylib
0x000000002eaf1000 	/System/Library/Frameworks/OpenGL.framework/Versions/A/Resources/GLEngine.bundle/GLEngine
0x000000002eaf1000 	/System/Library/Frameworks/OpenGL.framework/Versions/A/Libraries/libGLProgrammability.dylib
0x0000000123fa7000 	/System/Library/Extensions/AppleIntelSKLGraphicsGLDriver.bundle/Contents/MacOS/AppleIntelSKLGraphicsGLDriver
0x000000002eaf1000 	/System/Library/PrivateFrameworks/GPUSupport.framework/Versions/A/Libraries/libGPUSupportMercury.dylib
0x0000000125268000 	/System/Library/Extensions/AMDRadeonX4000GLDriver.bundle/Contents/MacOS/AMDRadeonX4000GLDriver
0x000000002eaf1000 	/System/Library/Extensions/AMDRadeonX4000GLDriver.bundle/Contents/MacOS/ATIRadeonX4000SCLib.dylib
0x000000002eaf1000 	/System/Library/Frameworks/OpenGL.framework/Versions/A/Resources/GLRendererFloat.bundle/GLRendererFloat
0x000000002eaf1000 	/System/Library/Frameworks/OpenCL.framework/Versions/A/Libraries/libcldcpuengine.dylib
0x000000002eaf1000 	/usr/lib/libcrypto.35.dylib
0x000000002eaf1000 	/System/Library/PrivateFrameworks/TrustEvaluationAgent.framework/Versions/A/TrustEvaluationAgent
0x0000000112d4c000 	/Applications/Android Studio.app/Contents/jre/jdk/Contents/Home/jre/lib/libosxui.dylib
0x000000002eaf1000 	/System/Library/PrivateFrameworks/ViewBridge.framework/Versions/A/ViewBridge
0x0000000126466000 	/Applications/Android Studio.app/Contents/jre/jdk/Contents/Home/jre/lib/libnio.dylib
0x0000000126476000 	/Applications/Android Studio.app/Contents/jre/jdk/Contents/Home/jre/lib/./libnet.dylib
0x000000012688d000 	/Applications/Android Studio.app/Contents/jre/jdk/Contents/Home/jre/lib/libmanagement.dylib
0x0000000126897000 	/Users/xuziyu/Library/Caches/AndroidStudio3.1/tmp/jna6724309542481191052.tmp
0x000000019181f000 	/Applications/Android Studio.app/Contents/jre/jdk/Contents/Home/jre/lib/libsplashscreen.dylib
0x0000000191875000 	/Applications/Android Studio.app/Contents/jre/jdk/Contents/Home/jre/lib/liblcms.dylib
0x0000000110eff000 	/Applications/Android Studio.app/Contents/jre/jdk/Contents/Home/jre/lib/libjawt.dylib
0x000000002eaf1000 	/System/Library/CoreServices/RawCamera.bundle/Contents/MacOS/RawCamera
0x000000002eaf1000 	/System/Library/PrivateFrameworks/MobileAsset.framework/Versions/A/MobileAsset
0x000000002eaf1000 	/System/Library/PrivateFrameworks/StreamingZip.framework/Versions/A/StreamingZip
0x000000002eaf1000 	/System/Library/Frameworks/MediaToolbox.framework/Versions/A/MediaToolbox
0x000000002eaf1000 	/System/Library/PrivateFrameworks/CoreAVCHD.framework/Versions/A/CoreAVCHD
0x000000002eaf1000 	/System/Library/Frameworks/MediaAccessibility.framework/Versions/A/MediaAccessibility
0x000000002eaf1000 	/System/Library/PrivateFrameworks/Mangrove.framework/Versions/A/Mangrove
0x000000002eaf1000 	/System/Library/Frameworks/CoreMedia.framework/Versions/A/CoreMedia
0x000000002eaf1000 	/System/Library/Frameworks/VideoToolbox.framework/Versions/A/VideoToolbox
0x000000002eaf1000 	/System/Library/PrivateFrameworks/CoreAUC.framework/Versions/A/CoreAUC
0x000000002eaf1000 	/usr/lib/libspindump.dylib
0x000000002eaf1000 	/System/Library/PrivateFrameworks/AppleVA.framework/Versions/A/AppleVA
0x0000000122660000 	/Applications/Android Studio.app/Contents/jre/jdk/Contents/Home/jre/lib/libsunec.dylib
0x000000019299b000 	/Users/xuziyu/.gradle/native/25/osx-amd64/libnative-platform.dylib
0x000000002eaf1000 	/System/Library/PrivateFrameworks/CloudDocs.framework/Versions/A/CloudDocs
0x000000002eaf1000 	/System/Library/PrivateFrameworks/FileProvider.framework/Versions/A/FileProvider
0x000000002eaf1000 	/System/Library/PrivateFrameworks/SpotlightIndex.framework/Versions/A/SpotlightIndex
0x000000002eaf1000 	/System/Library/PrivateFrameworks/SymptomDiagnosticReporter.framework/Versions/A/SymptomDiagnosticReporter
0x000000002eaf1000 	/System/Library/PrivateFrameworks/GenerationalStorage.framework/Versions/A/GenerationalStorage
0x000000002eaf1000 	/System/Library/PrivateFrameworks/ChunkingLibrary.framework/Versions/A/ChunkingLibrary
0x000000002eaf1000 	/System/Library/PrivateFrameworks/CoreNLP.framework/Versions/A/CoreNLP
0x000000002eaf1000 	/usr/lib/libmecab.1.0.0.dylib
0x000000002eaf1000 	/usr/lib/libgermantok.dylib
0x000000002eaf1000 	/usr/lib/libThaiTokenizer.dylib
0x000000002eaf1000 	/System/Library/PrivateFrameworks/Shortcut.framework/Versions/A/Shortcut
0x000000002eaf1000 	/System/Library/PrivateFrameworks/HelpData.framework/Versions/A/HelpData
0x000000002eaf1000 	/System/Library/PrivateFrameworks/login.framework/Versions/A/login
0x000000002eaf1000 	/System/Library/Frameworks/ApplicationServices.framework/Versions/A/Frameworks/ATS.framework/Versions/A/Resources/libFontRegistryUI.dylib
0x00000001b314c000 	/private/var/folders/jj/b56sxq152snbhlwj5m3mtzfr0000gn/T/sqlite-3.16.1-6379ff72-ef12-4043-b0f6-28bf1da3e561-libsqlitejdbc.jnilib
0x000000002eaf1000 	/System/Library/PrivateFrameworks/FinderKit.framework/Versions/A/FinderKit
0x000000002eaf1000 	/System/Library/Frameworks/Quartz.framework/Versions/A/Frameworks/QuickLookUI.framework/Versions/A/QuickLookUI
0x000000002eaf1000 	/System/Library/Frameworks/Quartz.framework/Versions/A/Frameworks/ImageKit.framework/Versions/A/ImageKit
0x000000002eaf1000 	/System/Library/Frameworks/QuickLook.framework/Versions/A/QuickLook
0x000000002eaf1000 	/System/Library/PrivateFrameworks/SystemAdministration.framework/Versions/A/SystemAdministration
0x000000002eaf1000 	/System/Library/PrivateFrameworks/DiskImages.framework/Versions/A/DiskImages
0x000000002eaf1000 	/System/Library/PrivateFrameworks/AppleSystemInfo.framework/Versions/A/AppleSystemInfo
0x000000002eaf1000 	/System/Library/Frameworks/ImageCaptureCore.framework/Versions/A/ImageCaptureCore
0x000000002eaf1000 	/System/Library/PrivateFrameworks/Suggestions.framework/Versions/A/Suggestions
0x000000002eaf1000 	/System/Library/Frameworks/SafariServices.framework/Versions/A/SafariServices
0x000000002eaf1000 	/System/Library/Frameworks/QTKit.framework/Versions/A/QTKit
0x000000002eaf1000 	/System/Library/PrivateFrameworks/MobileKeyBag.framework/Versions/A/MobileKeyBag
0x000000002eaf1000 	/System/Library/Frameworks/AVFoundation.framework/Versions/A/AVFoundation
0x000000002eaf1000 	/System/Library/PrivateFrameworks/CoreMediaAuthoring.framework/Versions/A/CoreMediaAuthoring
0x000000002eaf1000 	/System/Library/Frameworks/CoreMediaIO.framework/Versions/A/CoreMediaIO
0x000000002eaf1000 	/System/Library/Frameworks/AVFoundation.framework/Versions/A/Frameworks/AVFAudio.framework/Versions/A/AVFAudio
0x000000002eaf1000 	/System/Library/PrivateFrameworks/IntlPreferences.framework/Versions/A/IntlPreferences
0x000000002eaf1000 	/System/Library/PrivateFrameworks/RemoteServiceDiscovery.framework/Versions/A/RemoteServiceDiscovery
0x000000002eaf1000 	/System/Library/PrivateFrameworks/RemoteXPC.framework/Versions/A/RemoteXPC
0x000000002eaf1000 	/System/Library/PrivateFrameworks/InternationalSupport.framework/Versions/A/InternationalSupport
0x000000002eaf1000 	/System/Library/PrivateFrameworks/QuickLookThumbnailing.framework/Versions/A/QuickLookThumbnailing
0x000000002eaf1000 	/System/Library/PrivateFrameworks/DisplayServices.framework/Versions/A/DisplayServices
0x000000002eaf1000 	/System/Library/Frameworks/Quartz.framework/Versions/A/Frameworks/PDFKit.framework/Versions/A/PDFKit
0x000000002eaf1000 	/System/Library/Frameworks/Quartz.framework/Versions/A/Frameworks/QuartzComposer.framework/Versions/A/QuartzComposer
0x000000002eaf1000 	/System/Library/Frameworks/Quartz.framework/Versions/A/Frameworks/QuartzFilters.framework/Versions/A/QuartzFilters
0x000000002eaf1000 	/System/Library/PrivateFrameworks/CoreBrightness.framework/Versions/A/CoreBrightness
0x000000002eaf1000 	/System/Library/PrivateFrameworks/BezelServices.framework/Versions/A/BezelServices
0x000000002eaf1000 	/System/Library/PrivateFrameworks/CorePDF.framework/Versions/A/CorePDF
0x000000002eaf1000 	/System/Library/Frameworks/JavaScriptCore.framework/Versions/A/JavaScriptCore
0x000000002eaf1000 	/System/Library/PrivateFrameworks/DiskManagement.framework/Versions/A/DiskManagement
0x000000002eaf1000 	/System/Library/Frameworks/DirectoryService.framework/Versions/A/DirectoryService
0x000000002eaf1000 	/System/Library/PrivateFrameworks/LoginUIKit.framework/Versions/A/Frameworks/LoginUICore.framework/Versions/A/LoginUICore
0x000000002eaf1000 	/usr/lib/libCoreStorage.dylib
0x000000002eaf1000 	/usr/lib/libcsfde.dylib
0x000000002eaf1000 	/usr/lib/libodfde.dylib
0x000000002eaf1000 	/System/Library/PrivateFrameworks/MediaKit.framework/Versions/A/MediaKit
0x000000002eaf1000 	/System/Library/Frameworks/DiscRecording.framework/Versions/A/DiscRecording
0x000000002eaf1000 	/System/Library/PrivateFrameworks/EFILogin.framework/Versions/A/EFILogin
0x000000002eaf1000 	/System/Library/PrivateFrameworks/ProtectedCloudStorage.framework/Versions/A/ProtectedCloudStorage
0x000000002eaf1000 	/usr/lib/libcurl.4.dylib
0x000000002eaf1000 	/usr/lib/libssl.35.dylib
0x000000002eaf1000 	/System/Library/Frameworks/LDAP.framework/Versions/A/LDAP
0x000000002eaf1000 	/usr/lib/libsasl2.2.dylib
0x000000002eaf1000 	/System/Library/PrivateFrameworks/CoreDaemon.framework/Versions/B/CoreDaemon
0x000000002eaf1000 	/System/Library/PrivateFrameworks/AppleSRP.framework/Versions/A/AppleSRP
0x000000002eaf1000 	/System/Library/Frameworks/AddressBook.framework/Versions/A/AddressBook
0x000000002eaf1000 	/System/Library/PrivateFrameworks/ContactsPersistence.framework/Versions/A/ContactsPersistence
0x000000002eaf1000 	/System/Library/PrivateFrameworks/ApplePushService.framework/Versions/A/ApplePushService
0x000000002eaf1000 	/System/Library/PrivateFrameworks/CalendarAgentLink.framework/Versions/A/CalendarAgentLink
0x000000002eaf1000 	/System/Library/PrivateFrameworks/ContactsFoundation.framework/Versions/A/ContactsFoundation
0x000000002eaf1000 	/System/Library/PrivateFrameworks/CorePhoneNumbers.framework/Versions/A/CorePhoneNumbers
0x000000002eaf1000 	/System/Library/Frameworks/Quartz.framework/Versions/A/Quartz
0x000000002eaf1000 	/System/Library/Frameworks/SecurityInterface.framework/Versions/A/SecurityInterface
0x000000002eaf1000 	/System/Library/PrivateFrameworks/ToneKit.framework/Versions/A/ToneKit
0x000000002eaf1000 	/System/Library/PrivateFrameworks/ToneLibrary.framework/Versions/A/ToneLibrary
0x000000002eaf1000 	/System/Library/PrivateFrameworks/vCard.framework/Versions/A/vCard
0x000000002eaf1000 	/System/Library/Frameworks/Accounts.framework/Versions/A/Accounts
0x000000002eaf1000 	/System/Library/PrivateFrameworks/PhoneNumbers.framework/Versions/A/PhoneNumbers
0x000000002eaf1000 	/System/Library/PrivateFrameworks/CommonUtilities.framework/Versions/A/CommonUtilities
0x000000002eaf1000 	/System/Library/PrivateFrameworks/PlugInKit.framework/Versions/A/PlugInKit
0x000000002eaf1000 	/System/Library/PrivateFrameworks/SharePointManagement.framework/Versions/A/SharePointManagement
0x000000002eaf1000 	/System/Library/Frameworks/CloudKit.framework/Versions/A/CloudKit
0x000000002eaf1000 	/System/Library/Frameworks/CoreLocation.framework/Versions/A/CoreLocation
0x000000002eaf1000 	/System/Library/PrivateFrameworks/GeoServices.framework/Versions/A/GeoServices
0x00000001d1aa7000 	/System/Library/PrivateFrameworks/FileProvider.framework/OverrideBundles/CloudDocsFileProvider.bundle/Contents/MacOS/CloudDocsFileProvider
0x00000001d1d32000 	/System/Library/PrivateFrameworks/FileProvider.framework/OverrideBundles/FileProviderOverride.bundle/Contents/MacOS/FileProviderOverride
0x00000001d28f3000 	/System/Library/PrivateFrameworks/FileProvider.framework/OverrideBundles/FinderSyncCollaborationFileProviderOverride.bundle/Contents/MacOS/FinderSyncCollaborationFileProviderOverride

VM Arguments:
jvm_args: -Xms256m -Xmx1280m -XX:ReservedCodeCacheSize=240m -XX:+UseCompressedOops -Dfile.encoding=UTF-8 -XX:+UseConcMarkSweepGC -XX:SoftRefLRUPolicyMSPerMB=50 -Dsun.io.useCanonCaches=false -Djava.net.preferIPv4Stack=true -Djna.nosys=true -Djna.boot.library.path= -da -Xverify:none -XX:ErrorFile=/Users/xuziyu/java_error_in_studio_%p.log -XX:HeapDumpPath=/Users/xuziyu/java_error_in_studio.hprof -Xbootclasspath/a:../lib/boot.jar -Djb.vmOptionsFile=/Applications/Android Studio.app/Contents/bin/studio.vmoptions -Didea.java.redist=Bundled -Didea.home.path=/Applications/Android Studio.app/Contents -Didea.executable=studio -Didea.platform.prefix=AndroidStudio -Didea.paths.selector=AndroidStudio3.1 
java_command: <unknown>
java_class_path (initial): /Applications/Android Studio.app/Contents/lib/bootstrap.jar:/Applications/Android Studio.app/Contents/lib/extensions.jar:/Applications/Android Studio.app/Contents/lib/util.jar:/Applications/Android Studio.app/Contents/lib/jdom.jar:/Applications/Android Studio.app/Contents/lib/log4j.jar:/Applications/Android Studio.app/Contents/lib/trove4j.jar:/Applications/Android Studio.app/Contents/lib/jna.jar:/Applications/Android Studio.app/Contents/jre/jdk/Contents/Home/lib/tools.jar
Launcher Type: generic

Environment Variables:
PATH=/usr/bin:/bin:/usr/sbin:/sbin
SHELL=/bin/bash

Signal Handlers:
SIGSEGV: [libjvm.dylib+0x53f567], sa_mask[0]=11111111011111110111111111111111, sa_flags=SA_ONSTACK|SA_RESTART|SA_SIGINFO
SIGBUS: [libjvm.dylib+0x53f567], sa_mask[0]=11111111011111110111111111111111, sa_flags=SA_RESTART|SA_SIGINFO
SIGFPE: [libjvm.dylib+0x437adf], sa_mask[0]=11111111011111110111111111111111, sa_flags=SA_RESTART|SA_SIGINFO
SIGPIPE: [libjvm.dylib+0x437adf], sa_mask[0]=11111111011111110111111111111111, sa_flags=SA_RESTART|SA_SIGINFO
SIGXFSZ: [libjvm.dylib+0x437adf], sa_mask[0]=11111111011111110111111111111111, sa_flags=SA_RESTART|SA_SIGINFO
SIGILL: [libjvm.dylib+0x437adf], sa_mask[0]=11111111011111110111111111111111, sa_flags=SA_RESTART|SA_SIGINFO
SIGUSR1: SIG_DFL, sa_mask[0]=00000000000000000000000000000000, sa_flags=none
SIGUSR2: [libjvm.dylib+0x438404], sa_mask[0]=00000000000000000000000000000000, sa_flags=SA_RESTART|SA_SIGINFO
SIGHUP: [libjvm.dylib+0x4365f9], sa_mask[0]=11111111011111110111111111111111, sa_flags=SA_RESTART|SA_SIGINFO
SIGINT: [libjvm.dylib+0x4365f9], sa_mask[0]=11111111011111110111111111111111, sa_flags=SA_RESTART|SA_SIGINFO
SIGTERM: [libjvm.dylib+0x4365f9], sa_mask[0]=11111111011111110111111111111111, sa_flags=SA_RESTART|SA_SIGINFO
SIGQUIT: [libjvm.dylib+0x4365f9], sa_mask[0]=11111111011111110111111111111111, sa_flags=SA_RESTART|SA_SIGINFO


---------------  S Y S T E M  ---------------

OS:Bsduname:Darwin 17.5.0 Darwin Kernel Version 17.5.0: Mon Mar  5 22:24:32 PST 2018; root:xnu-4570.51.1~1/RELEASE_X86_64 x86_64
rlimit: STACK 8192k, CORE 0k, NPROC 1418, NOFILE 12544, AS infinity
load average:1.92 2.15 2.75

CPU:total 8 (initial active 8) (4 cores per cpu, 2 threads per core) family 6 model 94 stepping 3, cmov, cx8, fxsr, mmx, sse, sse2, sse3, ssse3, sse4.1, sse4.2, popcnt, avx, avx2, aes, clmul, erms, rtm, 3dnowpref, lzcnt, ht, tsc, tscinvbit, bmi1, bmi2, adx

Memory: 4k page, physical 16777216k(30044k free)

/proc/meminfo:


vm_info: OpenJDK 64-Bit Server VM (25.152-b01) for bsd-amd64 JRE (1.8.0_152-release-1024-b01), built by "builder" with gcc 4.2.1 Compatible Apple LLVM 8.1.0 (clang-802.0.42)

time: Thu Jul 19 18:20:22 2018
elapsed time: 365013 seconds (4d 5h 23m 33s)

